
running 1 test

üîç NUCLEAR TEST 4: MEMORY LEAK DETECTION
=========================================
Cycles: 12
Connection range: 10-50
Target: <512KB memory growth

test nuclear_memory_leak ... FAILED

failures:

failures:
    nuclear_memory_leak

test result: FAILED. 0 passed; 1 failed; 0 ignored; 0 measured; 0 filtered out; finished in 0.01s

